  pch.cpp
  Action.cpp
  ActionBlock.cpp
  ActionCreate.cpp
  ActionDestroy.cpp
  ActionIncrement.cpp
  ActionBlockSwitch.cpp
  Attributed.cpp
  Datum.cpp
  IEvent.cpp
  EventQueue.cpp
  EventSubscriber.cpp
  GameClock.cpp
  GameObject.cpp
  GameState.cpp
  GameTime.cpp
  IJsonParseHelper.cpp
  JsonParseMaster.cpp
  JsonTableParseHelper.cpp
  Scope.cpp
  TypeRegistry.cpp
  Library.Desktop.vcxproj -> C:\Dev\depot\Cohort18-Private\Prog2Final\UndefinedBehavior\FieaGameEngine\build\bin\Library.Desktop\x64\Release\Library.Desktop.lib
