c:\dev\depot\cohort18-private\prog2final\undefinedbehavior\fieagameengine\build\obj\game.desktop\x64\debug\game.desktop.pch
c:\dev\depot\cohort18-private\prog2final\undefinedbehavior\fieagameengine\build\obj\game.desktop\x64\debug\vc142.pdb
c:\dev\depot\cohort18-private\prog2final\undefinedbehavior\fieagameengine\build\obj\game.desktop\x64\debug\vc142.idb
c:\dev\depot\cohort18-private\prog2final\undefinedbehavior\fieagameengine\build\obj\game.desktop\x64\debug\pch.xdc
c:\dev\depot\cohort18-private\prog2final\undefinedbehavior\fieagameengine\build\obj\game.desktop\x64\debug\pch.obj
c:\dev\depot\cohort18-private\prog2final\undefinedbehavior\fieagameengine\build\obj\game.desktop\x64\debug\bombtile.xdc
c:\dev\depot\cohort18-private\prog2final\undefinedbehavior\fieagameengine\build\obj\game.desktop\x64\debug\defaulttile.xdc
c:\dev\depot\cohort18-private\prog2final\undefinedbehavior\fieagameengine\build\obj\game.desktop\x64\debug\ispriterenderer.xdc
c:\dev\depot\cohort18-private\prog2final\undefinedbehavior\fieagameengine\build\obj\game.desktop\x64\debug\program.xdc
c:\dev\depot\cohort18-private\prog2final\undefinedbehavior\fieagameengine\build\obj\game.desktop\x64\debug\tile.xdc
c:\dev\depot\cohort18-private\prog2final\undefinedbehavior\fieagameengine\build\obj\game.desktop\x64\debug\tilemanager.xdc
c:\dev\depot\cohort18-private\prog2final\undefinedbehavior\fieagameengine\build\obj\game.desktop\x64\debug\tilewrapper.xdc
c:\dev\depot\cohort18-private\prog2final\undefinedbehavior\fieagameengine\build\obj\game.desktop\x64\debug\tilewrapper.obj
c:\dev\depot\cohort18-private\prog2final\undefinedbehavior\fieagameengine\build\obj\game.desktop\x64\debug\tilemanager.obj
c:\dev\depot\cohort18-private\prog2final\undefinedbehavior\fieagameengine\build\obj\game.desktop\x64\debug\tile.obj
c:\dev\depot\cohort18-private\prog2final\undefinedbehavior\fieagameengine\build\obj\game.desktop\x64\debug\program.obj
c:\dev\depot\cohort18-private\prog2final\undefinedbehavior\fieagameengine\build\obj\game.desktop\x64\debug\ispriterenderer.obj
c:\dev\depot\cohort18-private\prog2final\undefinedbehavior\fieagameengine\build\obj\game.desktop\x64\debug\defaulttile.obj
c:\dev\depot\cohort18-private\prog2final\undefinedbehavior\fieagameengine\build\obj\game.desktop\x64\debug\bombtile.obj
c:\dev\depot\cohort18-private\prog2final\undefinedbehavior\fieagameengine\build\bin\game.desktop\x64\debug\art\paulbombermansprites.png
c:\dev\depot\cohort18-private\prog2final\undefinedbehavior\fieagameengine\build\bin\game.desktop\x64\debug\art\spritesheet.png
c:\dev\depot\cohort18-private\prog2final\undefinedbehavior\fieagameengine\build\obj\game.desktop\x64\debug\game.desktop.tlog\cl.command.1.tlog
c:\dev\depot\cohort18-private\prog2final\undefinedbehavior\fieagameengine\build\obj\game.desktop\x64\debug\game.desktop.tlog\cl.read.1.tlog
c:\dev\depot\cohort18-private\prog2final\undefinedbehavior\fieagameengine\build\obj\game.desktop\x64\debug\game.desktop.tlog\cl.write.1.tlog
c:\dev\depot\cohort18-private\prog2final\undefinedbehavior\fieagameengine\build\obj\game.desktop\x64\debug\game.desktop.tlog\copyfile.command.1.tlog
c:\dev\depot\cohort18-private\prog2final\undefinedbehavior\fieagameengine\build\obj\game.desktop\x64\debug\game.desktop.tlog\copyfile.read.1.tlog
c:\dev\depot\cohort18-private\prog2final\undefinedbehavior\fieagameengine\build\obj\game.desktop\x64\debug\game.desktop.tlog\copyfile.write.1.tlog
