c:\dev\depot\cohort18-private\prog2final\undefinedbehavior\fieagameengine\build\obj\library.desktop\x64\debug\library.desktop.pch
c:\dev\depot\cohort18-private\prog2final\undefinedbehavior\fieagameengine\build\bin\library.desktop\x64\debug\library.desktop.pdb
c:\dev\depot\cohort18-private\prog2final\undefinedbehavior\fieagameengine\build\bin\library.desktop\x64\debug\library.desktop.idb
c:\dev\depot\cohort18-private\prog2final\undefinedbehavior\fieagameengine\build\obj\library.desktop\x64\debug\pch.xdc
c:\dev\depot\cohort18-private\prog2final\undefinedbehavior\fieagameengine\build\obj\library.desktop\x64\debug\pch.obj
c:\dev\depot\cohort18-private\prog2final\undefinedbehavior\fieagameengine\build\obj\library.desktop\x64\debug\action.xdc
c:\dev\depot\cohort18-private\prog2final\undefinedbehavior\fieagameengine\build\obj\library.desktop\x64\debug\actionblock.xdc
c:\dev\depot\cohort18-private\prog2final\undefinedbehavior\fieagameengine\build\obj\library.desktop\x64\debug\actioncreate.xdc
c:\dev\depot\cohort18-private\prog2final\undefinedbehavior\fieagameengine\build\obj\library.desktop\x64\debug\actiondestroy.xdc
c:\dev\depot\cohort18-private\prog2final\undefinedbehavior\fieagameengine\build\obj\library.desktop\x64\debug\actionincrement.xdc
c:\dev\depot\cohort18-private\prog2final\undefinedbehavior\fieagameengine\build\obj\library.desktop\x64\debug\actionblockswitch.xdc
c:\dev\depot\cohort18-private\prog2final\undefinedbehavior\fieagameengine\build\obj\library.desktop\x64\debug\attributed.xdc
c:\dev\depot\cohort18-private\prog2final\undefinedbehavior\fieagameengine\build\obj\library.desktop\x64\debug\datum.xdc
c:\dev\depot\cohort18-private\prog2final\undefinedbehavior\fieagameengine\build\obj\library.desktop\x64\debug\ievent.xdc
c:\dev\depot\cohort18-private\prog2final\undefinedbehavior\fieagameengine\build\obj\library.desktop\x64\debug\eventqueue.xdc
c:\dev\depot\cohort18-private\prog2final\undefinedbehavior\fieagameengine\build\obj\library.desktop\x64\debug\eventsubscriber.xdc
c:\dev\depot\cohort18-private\prog2final\undefinedbehavior\fieagameengine\build\obj\library.desktop\x64\debug\gameclock.xdc
c:\dev\depot\cohort18-private\prog2final\undefinedbehavior\fieagameengine\build\obj\library.desktop\x64\debug\gameobject.xdc
c:\dev\depot\cohort18-private\prog2final\undefinedbehavior\fieagameengine\build\obj\library.desktop\x64\debug\gamestate.xdc
c:\dev\depot\cohort18-private\prog2final\undefinedbehavior\fieagameengine\build\obj\library.desktop\x64\debug\gametime.xdc
c:\dev\depot\cohort18-private\prog2final\undefinedbehavior\fieagameengine\build\obj\library.desktop\x64\debug\ijsonparsehelper.xdc
c:\dev\depot\cohort18-private\prog2final\undefinedbehavior\fieagameengine\build\obj\library.desktop\x64\debug\jsonparsemaster.xdc
c:\dev\depot\cohort18-private\prog2final\undefinedbehavior\fieagameengine\build\obj\library.desktop\x64\debug\jsontableparsehelper.xdc
c:\dev\depot\cohort18-private\prog2final\undefinedbehavior\fieagameengine\build\obj\library.desktop\x64\debug\scope.xdc
c:\dev\depot\cohort18-private\prog2final\undefinedbehavior\fieagameengine\build\obj\library.desktop\x64\debug\typeregistry.xdc
c:\dev\depot\cohort18-private\prog2final\undefinedbehavior\fieagameengine\build\obj\library.desktop\x64\debug\typeregistry.obj
c:\dev\depot\cohort18-private\prog2final\undefinedbehavior\fieagameengine\build\obj\library.desktop\x64\debug\scope.obj
c:\dev\depot\cohort18-private\prog2final\undefinedbehavior\fieagameengine\build\obj\library.desktop\x64\debug\jsontableparsehelper.obj
c:\dev\depot\cohort18-private\prog2final\undefinedbehavior\fieagameengine\build\obj\library.desktop\x64\debug\jsonparsemaster.obj
c:\dev\depot\cohort18-private\prog2final\undefinedbehavior\fieagameengine\build\obj\library.desktop\x64\debug\ijsonparsehelper.obj
c:\dev\depot\cohort18-private\prog2final\undefinedbehavior\fieagameengine\build\obj\library.desktop\x64\debug\gametime.obj
c:\dev\depot\cohort18-private\prog2final\undefinedbehavior\fieagameengine\build\obj\library.desktop\x64\debug\gamestate.obj
c:\dev\depot\cohort18-private\prog2final\undefinedbehavior\fieagameengine\build\obj\library.desktop\x64\debug\gameobject.obj
c:\dev\depot\cohort18-private\prog2final\undefinedbehavior\fieagameengine\build\obj\library.desktop\x64\debug\gameclock.obj
c:\dev\depot\cohort18-private\prog2final\undefinedbehavior\fieagameengine\build\obj\library.desktop\x64\debug\eventsubscriber.obj
c:\dev\depot\cohort18-private\prog2final\undefinedbehavior\fieagameengine\build\obj\library.desktop\x64\debug\eventqueue.obj
c:\dev\depot\cohort18-private\prog2final\undefinedbehavior\fieagameengine\build\obj\library.desktop\x64\debug\ievent.obj
c:\dev\depot\cohort18-private\prog2final\undefinedbehavior\fieagameengine\build\obj\library.desktop\x64\debug\datum.obj
c:\dev\depot\cohort18-private\prog2final\undefinedbehavior\fieagameengine\build\obj\library.desktop\x64\debug\attributed.obj
c:\dev\depot\cohort18-private\prog2final\undefinedbehavior\fieagameengine\build\obj\library.desktop\x64\debug\actionblockswitch.obj
c:\dev\depot\cohort18-private\prog2final\undefinedbehavior\fieagameengine\build\obj\library.desktop\x64\debug\actionincrement.obj
c:\dev\depot\cohort18-private\prog2final\undefinedbehavior\fieagameengine\build\obj\library.desktop\x64\debug\actiondestroy.obj
c:\dev\depot\cohort18-private\prog2final\undefinedbehavior\fieagameengine\build\obj\library.desktop\x64\debug\actioncreate.obj
c:\dev\depot\cohort18-private\prog2final\undefinedbehavior\fieagameengine\build\obj\library.desktop\x64\debug\actionblock.obj
c:\dev\depot\cohort18-private\prog2final\undefinedbehavior\fieagameengine\build\obj\library.desktop\x64\debug\action.obj
c:\dev\depot\cohort18-private\prog2final\undefinedbehavior\fieagameengine\build\bin\library.desktop\x64\debug\library.desktop.lib
c:\dev\depot\cohort18-private\prog2final\undefinedbehavior\fieagameengine\build\bin\library.desktop\x64\debug\library.desktop.xml
c:\dev\depot\cohort18-private\prog2final\undefinedbehavior\fieagameengine\build\obj\library.desktop\x64\debug\library.desktop.tlog\cl.command.1.tlog
c:\dev\depot\cohort18-private\prog2final\undefinedbehavior\fieagameengine\build\obj\library.desktop\x64\debug\library.desktop.tlog\cl.read.1.tlog
c:\dev\depot\cohort18-private\prog2final\undefinedbehavior\fieagameengine\build\obj\library.desktop\x64\debug\library.desktop.tlog\cl.write.1.tlog
c:\dev\depot\cohort18-private\prog2final\undefinedbehavior\fieagameengine\build\obj\library.desktop\x64\debug\library.desktop.tlog\lib-link.read.1.tlog
c:\dev\depot\cohort18-private\prog2final\undefinedbehavior\fieagameengine\build\obj\library.desktop\x64\debug\library.desktop.tlog\lib-link.write.1.tlog
c:\dev\depot\cohort18-private\prog2final\undefinedbehavior\fieagameengine\build\obj\library.desktop\x64\debug\library.desktop.tlog\lib.command.1.tlog
c:\dev\depot\cohort18-private\prog2final\undefinedbehavior\fieagameengine\build\obj\library.desktop\x64\debug\library.desktop.tlog\xdcmake.command.1.tlog
c:\dev\depot\cohort18-private\prog2final\undefinedbehavior\fieagameengine\build\obj\library.desktop\x64\debug\library.desktop.tlog\xdcmake.read.1.tlog
c:\dev\depot\cohort18-private\prog2final\undefinedbehavior\fieagameengine\build\obj\library.desktop\x64\debug\library.desktop.tlog\xdcmake.write.1.tlog
